<?xml version="1.0" encoding="utf-8"?>
<shfbBuild product="Sandcastle Help File Builder and Tools" version="2015.10.10.0" projectFile="G:\Fontys\Fontys\Year2\OOD2\GitRepo\pipe-line\Application\CodeDocumentation\SandFlowly.shfbproj" started="10-Dec-15 15:32:16">
<buildStep step="Initializing">
Finding tools...
The Sandcastle tools are located in &#39;I:\Program Files (x86)\EWSoftware\Sandcastle Help File Builder\&#39;
Searching for HTML Help 1 compiler...
Found HTML Help 1 compiler in &#39;I:\Program Files (x86)\HTML Help Workshop\&#39;
Locating components in the following folder(s):
    G:\Fontys\Fontys\Year2\OOD2\GitRepo\pipe-line\Application\CodeDocumentation
    C:\ProgramData\EWSoftware\Sandcastle Help File Builder\Components and Plug-Ins\
    I:\Program Files (x86)\EWSoftware\Sandcastle Help File Builder\
Framework reflection data location: I:\Program Files (x86)\EWSoftware\Sandcastle Help File Builder\Data\.NETFramework
Using presentation style &#39;VS2013&#39; located in &#39;I:\Program Files (x86)\EWSoftware\Sandcastle Help File Builder\PresentationStyles\VS2013&#39;
Loading and initializing plug-ins...
Lightweight Website Style Version 2015.10.10.0
Copyright &#169; 2006-2015, Eric Woodruff, All Rights Reserved
Portions Copyright &#169; 2014, Sam Harwell, All Rights Reserved
</buildStep>
<buildStep step="ClearWorkFolder">
Clearing working folder...
</buildStep>
<buildStep step="ValidatingDocumentationSources">
Validating and copying documentation source information
Source: G:\Fontys\Fontys\Year2\OOD2\GitRepo\pipe-line\Application\Flowly\Flowly\Flowly.csproj
    Found project &#39;G:\Fontys\Fontys\Year2\OOD2\GitRepo\pipe-line\Application\Flowly\Flowly\Flowly.csproj&#39;

Parsing project files
    Found assembly &#39;G:\Fontys\Fontys\Year2\OOD2\GitRepo\pipe-line\Application\Flowly\Flowly\bin\Debug\Flowly.exe&#39;
SHFB: Warning BE0007: A project with a different or higher framework version was found.  Changing project FrameworkVersion property from &#39;.NET Framework 4.5&#39; to &#39;.NET Framework 4.5.2&#39; for the build.

References to include (excluding framework assemblies):
    None

Copying XML comments files
    G:\Fontys\Fontys\Year2\OOD2\GitRepo\pipe-line\Application\Flowly\Flowly\bin\Debug\Flowly.XML -&gt; G:\Fontys\Fontys\Year2\OOD2\GitRepo\pipe-line\Application\CodeDocumentation\Help\Working\Flowly.XML
</buildStep>
<buildStep step="GenerateSharedContent">
Generating shared content files (en-US, English (United States))...
<plugIn name="Lightweight Website Style" behavior="After" priority="1000">
</plugIn>    Last step completed in 00:00:00.0020
</buildStep>
<buildStep step="GenerateApiFilter">
Generating API filter for MRefBuilder...
    Last step completed in 00:00:00.0010
</buildStep>
<buildStep step="GenerateReflectionInfo">
Generating reflection information...
[C:\Windows\Microsoft.NET\Framework64\v4.0.30319\MSBuild.exe - GenerateRefInfo.proj]
Build started 10-Dec-15 15:32:17.
Project &quot;G:\Fontys\Fontys\Year2\OOD2\GitRepo\pipe-line\Application\CodeDocumentation\Help\Working\GenerateRefInfo.proj&quot; on node 1 (default targets).
Project file contains ToolsVersion=&quot;12.0&quot;. This toolset may be unknown or missing, in which case you may be able to resolve this by installing the appropriate version of MSBuild, or the build may have been forced to a particular ToolsVersion for policy reasons. Treating the project as if it had ToolsVersion=&quot;4.0&quot;. For more information, please see http://go.microsoft.com/fwlink/?LinkId=291333.
PrepareForBuild:
  Creating directory &quot;obj\Debug\&quot;.
GenerateRefInfo:
  MRefBuilder (v2015.10.10.0)
  Copyright c 2006-2015, Microsoft Corporation, All Rights Reserved.
  Portions Copyright c 2006-2015, Eric Woodruff, All Rights Reserved.
  Loaded 1 assemblies for reflection and 1 dependency assemblies.
  Wrote information on 1 namespaces, 18 types, and 48 members
  Copying file from &quot;reflection.org&quot; to &quot;reflection.all&quot;.
  XslTransform (v2015.10.10.0)
  Copyright c 2006-2015, Microsoft Corporation, All Rights Reserved.
  Portions Copyright c 2006-2015, Eric Woodruff, All Rights Reserved.
  Applying XSL transformation &#39;I:\Program Files (x86)\EWSoftware\Sandcastle Help File Builder\ProductionTransforms\MergeDuplicates.xsl&#39;.
Done Building Project &quot;G:\Fontys\Fontys\Year2\OOD2\GitRepo\pipe-line\Application\CodeDocumentation\Help\Working\GenerateRefInfo.proj&quot; (default targets).

Build succeeded.

Time Elapsed 00:00:01.30
    Last step completed in 00:00:01.6001
</buildStep>
<buildStep step="TransformReflectionInfo">
Transforming reflection output...
[C:\Windows\Microsoft.NET\Framework64\v4.0.30319\MSBuild.exe - TransformManifest.proj]
Build started 10-Dec-15 15:32:19.
Project &quot;G:\Fontys\Fontys\Year2\OOD2\GitRepo\pipe-line\Application\CodeDocumentation\Help\Working\TransformManifest.proj&quot; on node 1 (default targets).
Project file contains ToolsVersion=&quot;12.0&quot;. This toolset may be unknown or missing, in which case you may be able to resolve this by installing the appropriate version of MSBuild, or the build may have been forced to a particular ToolsVersion for policy reasons. Treating the project as if it had ToolsVersion=&quot;4.0&quot;. For more information, please see http://go.microsoft.com/fwlink/?LinkId=291333.
TransformManifest:
  XslTransform (v2015.10.10.0)
  Copyright c 2006-2015, Microsoft Corporation, All Rights Reserved.
  Portions Copyright c 2006-2015, Eric Woodruff, All Rights Reserved.
  Applying XSL transformation &#39;I:\Program Files (x86)\EWSoftware\Sandcastle Help File Builder\\ProductionTransforms\ApplyVSDocModel.xsl&#39;.
  Copying file from &quot;reflection.xml&quot; to &quot;reflection.nofilenames&quot;.
  XslTransform (v2015.10.10.0)
  Copyright c 2006-2015, Microsoft Corporation, All Rights Reserved.
  Portions Copyright c 2006-2015, Eric Woodruff, All Rights Reserved.
  Applying XSL transformation &#39;I:\Program Files (x86)\EWSoftware\Sandcastle Help File Builder\ProductionTransforms\AddFilenames.xsl&#39;.
  XslTransform (v2015.10.10.0)
  Copyright c 2006-2015, Microsoft Corporation, All Rights Reserved.
  Portions Copyright c 2006-2015, Eric Woodruff, All Rights Reserved.
  Applying XSL transformation &#39;I:\Program Files (x86)\EWSoftware\Sandcastle Help File Builder\ProductionTransforms\ReflectionToManifest.xsl&#39;.
Done Building Project &quot;G:\Fontys\Fontys\Year2\OOD2\GitRepo\pipe-line\Application\CodeDocumentation\Help\Working\TransformManifest.proj&quot; (default targets).

Build succeeded.

Time Elapsed 00:00:01.13
    Last step completed in 00:00:01.4300
</buildStep>
<buildStep step="GenerateNamespaceSummaries">
Generating namespace summary information...
    Last step completed in 00:00:00.0170
</buildStep>
<buildStep step="CopyAdditionalContent">
Copying additional content files...
No additional content to copy
    Last step completed in 00:00:00.0000
</buildStep>
<buildStep step="MergeTablesOfContents">
Merging conceptual and additional tables of contents...
    Last step completed in 00:00:00.0000
</buildStep>
<buildStep step="GenerateIntermediateTableOfContents">
Generating intermediate table of contents file...
[C:\Windows\Microsoft.NET\Framework64\v4.0.30319\MSBuild.exe - GenerateIntermediateTOC.proj]
Build started 10-Dec-15 15:32:20.
Project &quot;G:\Fontys\Fontys\Year2\OOD2\GitRepo\pipe-line\Application\CodeDocumentation\Help\Working\GenerateIntermediateTOC.proj&quot; on node 1 (default targets).
Project file contains ToolsVersion=&quot;12.0&quot;. This toolset may be unknown or missing, in which case you may be able to resolve this by installing the appropriate version of MSBuild, or the build may have been forced to a particular ToolsVersion for policy reasons. Treating the project as if it had ToolsVersion=&quot;4.0&quot;. For more information, please see http://go.microsoft.com/fwlink/?LinkId=291333.
GenerateIntermediateTOC:
  XslTransform (v2015.10.10.0)
  Copyright c 2006-2015, Microsoft Corporation, All Rights Reserved.
  Portions Copyright c 2006-2015, Eric Woodruff, All Rights Reserved.
  Applying XSL transformation &#39;I:\Program Files (x86)\EWSoftware\Sandcastle Help File Builder\\ProductionTransforms\CreateVSToc.xsl&#39;.
Done Building Project &quot;G:\Fontys\Fontys\Year2\OOD2\GitRepo\pipe-line\Application\CodeDocumentation\Help\Working\GenerateIntermediateTOC.proj&quot; (default targets).

Build succeeded.

Time Elapsed 00:00:00.57
Generating conceptual content intermediate TOC file...
    Last step completed in 00:00:00.8756
</buildStep>
<buildStep step="CreateBuildAssemblerConfigs">
Creating Sandcastle configuration files...
    sandcastle.config
    Last step completed in 00:00:00.2141
</buildStep>
<buildStep step="MergeCustomConfigs">
Merging custom build component configurations
G:\Fontys\Fontys\Year2\OOD2\GitRepo\pipe-line\Application\CodeDocumentation\Help\Working\sandcastle.config
    Last step completed in 00:00:00.0020
</buildStep>
<buildStep step="BuildReferenceTopics">
Building reference help topics...
[C:\Windows\Microsoft.NET\Framework64\v4.0.30319\MSBuild.exe - BuildReferenceTopics.proj]
Build started 10-Dec-15 15:32:21.
Project &quot;G:\Fontys\Fontys\Year2\OOD2\GitRepo\pipe-line\Application\CodeDocumentation\Help\Working\BuildReferenceTopics.proj&quot; on node 1 (default targets).
Project file contains ToolsVersion=&quot;12.0&quot;. This toolset may be unknown or missing, in which case you may be able to resolve this by installing the appropriate version of MSBuild, or the build may have been forced to a particular ToolsVersion for policy reasons. Treating the project as if it had ToolsVersion=&quot;4.0&quot;. For more information, please see http://go.microsoft.com/fwlink/?LinkId=291333.
BuildReferenceTopics:
  BuildAssembler (v2015.10.10.0)
  Copyright c 2006-2015, Microsoft Corporation, All Rights Reserved.
  Portions Copyright c 2006-2015, Eric Woodruff, All Rights Reserved.
  Loading configuration...
  Processing topics...
BuildAssembler : warning : ShowMissingComponent: [M:Flowly.ComponentDrawn.AddComponentDrawnToList(Flowly.ComponentDrawn)] Missing &lt;param name=&quot;givenComponent&quot;/&gt; documentation [G:\Fontys\Fontys\Year2\OOD2\GitRepo\pipe-line\Application\CodeDocumentation\Help\Working\BuildReferenceTopics.proj]
BuildAssembler : warning : ShowMissingComponent: [P:Flowly.ComponentDrawn.ConnectionPoint] Missing &lt;summary&gt; documentation [G:\Fontys\Fontys\Year2\OOD2\GitRepo\pipe-line\Application\CodeDocumentation\Help\Working\BuildReferenceTopics.proj]
BuildAssembler : warning : ShowMissingComponent: [M:Flowly.ComponentDrawn.RemoveComponentDrawnFromList(Flowly.ComponentDrawn)] Missing &lt;param name=&quot;givenComponent&quot;/&gt; documentation [G:\Fontys\Fontys\Year2\OOD2\GitRepo\pipe-line\Application\CodeDocumentation\Help\Working\BuildReferenceTopics.proj]
BuildAssembler : warning : ShowMissingComponent: [M:Flowly.ComponentDrawn.SetCurrentFlow(System.Single)] Missing &lt;param name=&quot;givenFlow&quot;/&gt; documentation [G:\Fontys\Fontys\Year2\OOD2\GitRepo\pipe-line\Application\CodeDocumentation\Help\Working\BuildReferenceTopics.proj]
BuildAssembler : warning : ShowMissingComponent: [M:Flowly.ComponentDrawn.SetDiffCurrFlowPossible(System.Boolean)] Missing &lt;param name=&quot;givenPosibility&quot;/&gt; documentation [G:\Fontys\Fontys\Year2\OOD2\GitRepo\pipe-line\Application\CodeDocumentation\Help\Working\BuildReferenceTopics.proj]
BuildAssembler : warning : ShowMissingComponent: [M:Flowly.ConnectionPoint.SetAvailable(System.Boolean)] Missing &lt;param name=&quot;givenAvailable&quot;/&gt; documentation [G:\Fontys\Fontys\Year2\OOD2\GitRepo\pipe-line\Application\CodeDocumentation\Help\Working\BuildReferenceTopics.proj]
BuildAssembler : warning : ShowMissingComponent: [M:Flowly.ConnectionPoint.SetCurrentFlow(System.Single)] Missing &lt;param name=&quot;givenFlow&quot;/&gt; documentation [G:\Fontys\Fontys\Year2\OOD2\GitRepo\pipe-line\Application\CodeDocumentation\Help\Working\BuildReferenceTopics.proj]
BuildAssembler : warning : ShowMissingComponent: [M:Flowly.DialogWindow.SetPlaceAndLocation(System.String)] Missing &lt;param name=&quot;givenInfo&quot;/&gt; documentation [G:\Fontys\Fontys\Year2\OOD2\GitRepo\pipe-line\Application\CodeDocumentation\Help\Working\BuildReferenceTopics.proj]
BuildAssembler : warning : ShowMissingComponent: [M:Flowly.Grid.AddComponentDrawnToGridList(Flowly.ComponentDrawn)] Missing &lt;param name=&quot;givenComponent&quot;/&gt; documentation [G:\Fontys\Fontys\Year2\OOD2\GitRepo\pipe-line\Application\CodeDocumentation\Help\Working\BuildReferenceTopics.proj]
BuildAssembler : warning : ShowMissingComponent: [P:Flowly.Grid.ComponentDrawn] Missing &lt;summary&gt; documentation [G:\Fontys\Fontys\Year2\OOD2\GitRepo\pipe-line\Application\CodeDocumentation\Help\Working\BuildReferenceTopics.proj]
BuildAssembler : warning : ShowMissingComponent: [M:Flowly.Grid.RemoveComponentDrawnFromGridList(Flowly.ComponentDrawn)] Missing &lt;param name=&quot;givenComponent&quot;/&gt; documentation [G:\Fontys\Fontys\Year2\OOD2\GitRepo\pipe-line\Application\CodeDocumentation\Help\Working\BuildReferenceTopics.proj]
BuildAssembler : warning : ShowMissingComponent: [T:Flowly.NamespaceDoc] Missing &lt;summary&gt; documentation [G:\Fontys\Fontys\Year2\OOD2\GitRepo\pipe-line\Application\CodeDocumentation\Help\Working\BuildReferenceTopics.proj]
BuildAssembler : warning : ShowMissingComponent: [P:Flowly.SystemFlowly.Change] Missing &lt;summary&gt; documentation [G:\Fontys\Fontys\Year2\OOD2\GitRepo\pipe-line\Application\CodeDocumentation\Help\Working\BuildReferenceTopics.proj]
BuildAssembler : warning : ShowMissingComponent: [M:Flowly.SystemFlowly.CheckFreeSpot(System.Int32,System.Int32)] Missing &lt;param name=&quot;x&quot;/&gt; documentation [G:\Fontys\Fontys\Year2\OOD2\GitRepo\pipe-line\Application\CodeDocumentation\Help\Working\BuildReferenceTopics.proj]
BuildAssembler : warning : ShowMissingComponent: [M:Flowly.SystemFlowly.CheckFreeSpot(System.Int32,System.Int32)] Missing &lt;param name=&quot;y&quot;/&gt; documentation [G:\Fontys\Fontys\Year2\OOD2\GitRepo\pipe-line\Application\CodeDocumentation\Help\Working\BuildReferenceTopics.proj]
BuildAssembler : warning : ShowMissingComponent: [M:Flowly.SystemFlowly.ClearGrid(Flowly.Grid)] Missing &lt;param name=&quot;givenGrid&quot;/&gt; documentation [G:\Fontys\Fontys\Year2\OOD2\GitRepo\pipe-line\Application\CodeDocumentation\Help\Working\BuildReferenceTopics.proj]
BuildAssembler : warning : ShowMissingComponent: [M:Flowly.SystemFlowly.CreateChange(System.String)] Missing &lt;param name=&quot;givenDescription&quot;/&gt; documentation [G:\Fontys\Fontys\Year2\OOD2\GitRepo\pipe-line\Application\CodeDocumentation\Help\Working\BuildReferenceTopics.proj]
BuildAssembler : warning : ShowMissingComponent: [M:Flowly.SystemFlowly.DeleteComponent(Flowly.ComponentDrawn)] Missing &lt;param name=&quot;givenComponent&quot;/&gt; documentation [G:\Fontys\Fontys\Year2\OOD2\GitRepo\pipe-line\Application\CodeDocumentation\Help\Working\BuildReferenceTopics.proj]
BuildAssembler : warning : ShowMissingComponent: [P:Flowly.SystemFlowly.DialogWindow] Missing &lt;summary&gt; documentation [G:\Fontys\Fontys\Year2\OOD2\GitRepo\pipe-line\Application\CodeDocumentation\Help\Working\BuildReferenceTopics.proj]
BuildAssembler : warning : ShowMissingComponent: [M:Flowly.SystemFlowly.EditComponentDrawn(Flowly.ComponentDrawn)] Missing &lt;param name=&quot;givenComponent&quot;/&gt; documentation [G:\Fontys\Fontys\Year2\OOD2\GitRepo\pipe-line\Application\CodeDocumentation\Help\Working\BuildReferenceTopics.proj]
BuildAssembler : warning : ShowMissingComponent: [P:Flowly.SystemFlowly.Grid] Missing &lt;summary&gt; documentation [G:\Fontys\Fontys\Year2\OOD2\GitRepo\pipe-line\Application\CodeDocumentation\Help\Working\BuildReferenceTopics.proj]
BuildAssembler : warning : ShowMissingComponent: [M:Flowly.SystemFlowly.MakeSpotBusy(System.Int32,System.Int32)] Missing &lt;param name=&quot;x&quot;/&gt; documentation [G:\Fontys\Fontys\Year2\OOD2\GitRepo\pipe-line\Application\CodeDocumentation\Help\Working\BuildReferenceTopics.proj]
BuildAssembler : warning : ShowMissingComponent: [M:Flowly.SystemFlowly.MakeSpotBusy(System.Int32,System.Int32)] Missing &lt;param name=&quot;y&quot;/&gt; documentation [G:\Fontys\Fontys\Year2\OOD2\GitRepo\pipe-line\Application\CodeDocumentation\Help\Working\BuildReferenceTopics.proj]
BuildAssembler : warning : ShowMissingComponent: [M:Flowly.SystemFlowly.MakeSpotFree(System.Int32,System.Int32)] Missing &lt;param name=&quot;x&quot;/&gt; documentation [G:\Fontys\Fontys\Year2\OOD2\GitRepo\pipe-line\Application\CodeDocumentation\Help\Working\BuildReferenceTopics.proj]
BuildAssembler : warning : ShowMissingComponent: [M:Flowly.SystemFlowly.MakeSpotFree(System.Int32,System.Int32)] Missing &lt;param name=&quot;y&quot;/&gt; documentation [G:\Fontys\Fontys\Year2\OOD2\GitRepo\pipe-line\Application\CodeDocumentation\Help\Working\BuildReferenceTopics.proj]
BuildAssembler : warning : ShowMissingComponent: [M:Flowly.SystemFlowly.SaveGrid(Flowly.Grid)] Missing &lt;param name=&quot;givenGrid&quot;/&gt; documentation [G:\Fontys\Fontys\Year2\OOD2\GitRepo\pipe-line\Application\CodeDocumentation\Help\Working\BuildReferenceTopics.proj]
BuildAssembler : warning : ShowMissingComponent: [P:Flowly.SystemFlowly.ToolboxComponent] Missing &lt;summary&gt; documentation [G:\Fontys\Fontys\Year2\OOD2\GitRepo\pipe-line\Application\CodeDocumentation\Help\Working\BuildReferenceTopics.proj]
  Processed 89 topic(s)
  27 warning(s)
  CopyFromIndexComponent: &quot;reflection&quot; in-memory cache entries used: 3 of 15.
  CopyFromIndexComponent: &quot;comments&quot; in-memory cache entries used: 4 of 30.
Done Building Project &quot;G:\Fontys\Fontys\Year2\OOD2\GitRepo\pipe-line\Application\CodeDocumentation\Help\Working\BuildReferenceTopics.proj&quot; (default targets).

Build succeeded.

Time Elapsed 00:00:11.14
    Last step completed in 00:00:11.4927
</buildStep>
<buildStep step="CombiningIntermediateTocFiles">
Combining conceptual and API intermediate TOC files...
    Last step completed in 00:00:00.0020
</buildStep>
<buildStep step="ExtractingHtmlInfo">
Extracting HTML info for HTML Help 1 and/or website...
[C:\Windows\Microsoft.NET\Framework64\v4.0.30319\MSBuild.exe - ExtractHtmlInfo.proj]
Project file contains ToolsVersion=&quot;12.0&quot;. This toolset may be unknown or missing, in which case you may be able to resolve this by installing the appropriate version of MSBuild, or the build may have been forced to a particular ToolsVersion for policy reasons. Treating the project as if it had ToolsVersion=&quot;4.0&quot;. For more information, please see http://go.microsoft.com/fwlink/?LinkId=291333.
Sandcastle Help File Builder and Tools, version 2015.10.10.0
Copyright c 2006-2015, Eric Woodruff, All Rights Reserved
E-Mail: Eric@EWoodruff.us

Using LCID &#39;1033&#39;, code page &#39;65001&#39;, encoding charset &#39;UTF-8&#39;.

Processing Help 1 files in G:\Fontys\Fontys\Year2\OOD2\GitRepo\pipe-line\Application\CodeDocumentation\Help\Working\Output\HtmlHelp1
Processed 89 HTML files
Sorting keywords and generating See Also indices
Saving HTML Help 1 keyword index to G:\Fontys\Fontys\Year2\OOD2\GitRepo\pipe-line\Application\CodeDocumentation\Help\Working\Documentation.hhk
Saving HTML Help 1 table of contents to G:\Fontys\Fontys\Year2\OOD2\GitRepo\pipe-line\Application\CodeDocumentation\Help\Working\Documentation.hhc
    Last step completed in 00:00:00.8566
</buildStep>
<buildStep step="CopyStandardHelpContent">
Copying standard help content...
I:\Program Files (x86)\EWSoftware\Sandcastle Help File Builder\PresentationStyles\VS2013\icons\AlertCaution.png -&gt; G:\Fontys\Fontys\Year2\OOD2\GitRepo\pipe-line\Application\CodeDocumentation\Help\Working\Output\HtmlHelp1\icons\AlertCaution.png
I:\Program Files (x86)\EWSoftware\Sandcastle Help File Builder\PresentationStyles\VS2013\icons\AlertNote.png -&gt; G:\Fontys\Fontys\Year2\OOD2\GitRepo\pipe-line\Application\CodeDocumentation\Help\Working\Output\HtmlHelp1\icons\AlertNote.png
I:\Program Files (x86)\EWSoftware\Sandcastle Help File Builder\PresentationStyles\VS2013\icons\AlertSecurity.png -&gt; G:\Fontys\Fontys\Year2\OOD2\GitRepo\pipe-line\Application\CodeDocumentation\Help\Working\Output\HtmlHelp1\icons\AlertSecurity.png
I:\Program Files (x86)\EWSoftware\Sandcastle Help File Builder\PresentationStyles\VS2013\icons\CFW.gif -&gt; G:\Fontys\Fontys\Year2\OOD2\GitRepo\pipe-line\Application\CodeDocumentation\Help\Working\Output\HtmlHelp1\icons\CFW.gif
I:\Program Files (x86)\EWSoftware\Sandcastle Help File Builder\PresentationStyles\VS2013\icons\CodeExample.png -&gt; G:\Fontys\Fontys\Year2\OOD2\GitRepo\pipe-line\Application\CodeDocumentation\Help\Working\Output\HtmlHelp1\icons\CodeExample.png
I:\Program Files (x86)\EWSoftware\Sandcastle Help File Builder\PresentationStyles\VS2013\icons\favicon.ico -&gt; G:\Fontys\Fontys\Year2\OOD2\GitRepo\pipe-line\Application\CodeDocumentation\Help\Working\Output\HtmlHelp1\icons\favicon.ico
I:\Program Files (x86)\EWSoftware\Sandcastle Help File Builder\PresentationStyles\VS2013\icons\privclass.gif -&gt; G:\Fontys\Fontys\Year2\OOD2\GitRepo\pipe-line\Application\CodeDocumentation\Help\Working\Output\HtmlHelp1\icons\privclass.gif
I:\Program Files (x86)\EWSoftware\Sandcastle Help File Builder\PresentationStyles\VS2013\icons\privdelegate.gif -&gt; G:\Fontys\Fontys\Year2\OOD2\GitRepo\pipe-line\Application\CodeDocumentation\Help\Working\Output\HtmlHelp1\icons\privdelegate.gif
I:\Program Files (x86)\EWSoftware\Sandcastle Help File Builder\PresentationStyles\VS2013\icons\privenumeration.gif -&gt; G:\Fontys\Fontys\Year2\OOD2\GitRepo\pipe-line\Application\CodeDocumentation\Help\Working\Output\HtmlHelp1\icons\privenumeration.gif
I:\Program Files (x86)\EWSoftware\Sandcastle Help File Builder\PresentationStyles\VS2013\icons\privevent.gif -&gt; G:\Fontys\Fontys\Year2\OOD2\GitRepo\pipe-line\Application\CodeDocumentation\Help\Working\Output\HtmlHelp1\icons\privevent.gif
I:\Program Files (x86)\EWSoftware\Sandcastle Help File Builder\PresentationStyles\VS2013\icons\privextension.gif -&gt; G:\Fontys\Fontys\Year2\OOD2\GitRepo\pipe-line\Application\CodeDocumentation\Help\Working\Output\HtmlHelp1\icons\privextension.gif
I:\Program Files (x86)\EWSoftware\Sandcastle Help File Builder\PresentationStyles\VS2013\icons\privfield.gif -&gt; G:\Fontys\Fontys\Year2\OOD2\GitRepo\pipe-line\Application\CodeDocumentation\Help\Working\Output\HtmlHelp1\icons\privfield.gif
I:\Program Files (x86)\EWSoftware\Sandcastle Help File Builder\PresentationStyles\VS2013\icons\privinterface.gif -&gt; G:\Fontys\Fontys\Year2\OOD2\GitRepo\pipe-line\Application\CodeDocumentation\Help\Working\Output\HtmlHelp1\icons\privinterface.gif
I:\Program Files (x86)\EWSoftware\Sandcastle Help File Builder\PresentationStyles\VS2013\icons\privmethod.gif -&gt; G:\Fontys\Fontys\Year2\OOD2\GitRepo\pipe-line\Application\CodeDocumentation\Help\Working\Output\HtmlHelp1\icons\privmethod.gif
I:\Program Files (x86)\EWSoftware\Sandcastle Help File Builder\PresentationStyles\VS2013\icons\privproperty.gif -&gt; G:\Fontys\Fontys\Year2\OOD2\GitRepo\pipe-line\Application\CodeDocumentation\Help\Working\Output\HtmlHelp1\icons\privproperty.gif
I:\Program Files (x86)\EWSoftware\Sandcastle Help File Builder\PresentationStyles\VS2013\icons\privstructure.gif -&gt; G:\Fontys\Fontys\Year2\OOD2\GitRepo\pipe-line\Application\CodeDocumentation\Help\Working\Output\HtmlHelp1\icons\privstructure.gif
I:\Program Files (x86)\EWSoftware\Sandcastle Help File Builder\PresentationStyles\VS2013\icons\protclass.gif -&gt; G:\Fontys\Fontys\Year2\OOD2\GitRepo\pipe-line\Application\CodeDocumentation\Help\Working\Output\HtmlHelp1\icons\protclass.gif
I:\Program Files (x86)\EWSoftware\Sandcastle Help File Builder\PresentationStyles\VS2013\icons\protdelegate.gif -&gt; G:\Fontys\Fontys\Year2\OOD2\GitRepo\pipe-line\Application\CodeDocumentation\Help\Working\Output\HtmlHelp1\icons\protdelegate.gif
I:\Program Files (x86)\EWSoftware\Sandcastle Help File Builder\PresentationStyles\VS2013\icons\protenumeration.gif -&gt; G:\Fontys\Fontys\Year2\OOD2\GitRepo\pipe-line\Application\CodeDocumentation\Help\Working\Output\HtmlHelp1\icons\protenumeration.gif
I:\Program Files (x86)\EWSoftware\Sandcastle Help File Builder\PresentationStyles\VS2013\icons\protevent.gif -&gt; G:\Fontys\Fontys\Year2\OOD2\GitRepo\pipe-line\Application\CodeDocumentation\Help\Working\Output\HtmlHelp1\icons\protevent.gif
I:\Program Files (x86)\EWSoftware\Sandcastle Help File Builder\PresentationStyles\VS2013\icons\protextension.gif -&gt; G:\Fontys\Fontys\Year2\OOD2\GitRepo\pipe-line\Application\CodeDocumentation\Help\Working\Output\HtmlHelp1\icons\protextension.gif
I:\Program Files (x86)\EWSoftware\Sandcastle Help File Builder\PresentationStyles\VS2013\icons\protfield.gif -&gt; G:\Fontys\Fontys\Year2\OOD2\GitRepo\pipe-line\Application\CodeDocumentation\Help\Working\Output\HtmlHelp1\icons\protfield.gif
I:\Program Files (x86)\EWSoftware\Sandcastle Help File Builder\PresentationStyles\VS2013\icons\protinterface.gif -&gt; G:\Fontys\Fontys\Year2\OOD2\GitRepo\pipe-line\Application\CodeDocumentation\Help\Working\Output\HtmlHelp1\icons\protinterface.gif
I:\Program Files (x86)\EWSoftware\Sandcastle Help File Builder\PresentationStyles\VS2013\icons\protmethod.gif -&gt; G:\Fontys\Fontys\Year2\OOD2\GitRepo\pipe-line\Application\CodeDocumentation\Help\Working\Output\HtmlHelp1\icons\protmethod.gif
I:\Program Files (x86)\EWSoftware\Sandcastle Help File Builder\PresentationStyles\VS2013\icons\protoperator.gif -&gt; G:\Fontys\Fontys\Year2\OOD2\GitRepo\pipe-line\Application\CodeDocumentation\Help\Working\Output\HtmlHelp1\icons\protoperator.gif
I:\Program Files (x86)\EWSoftware\Sandcastle Help File Builder\PresentationStyles\VS2013\icons\protproperty.gif -&gt; G:\Fontys\Fontys\Year2\OOD2\GitRepo\pipe-line\Application\CodeDocumentation\Help\Working\Output\HtmlHelp1\icons\protproperty.gif
I:\Program Files (x86)\EWSoftware\Sandcastle Help File Builder\PresentationStyles\VS2013\icons\protstructure.gif -&gt; G:\Fontys\Fontys\Year2\OOD2\GitRepo\pipe-line\Application\CodeDocumentation\Help\Working\Output\HtmlHelp1\icons\protstructure.gif
I:\Program Files (x86)\EWSoftware\Sandcastle Help File Builder\PresentationStyles\VS2013\icons\pubclass.gif -&gt; G:\Fontys\Fontys\Year2\OOD2\GitRepo\pipe-line\Application\CodeDocumentation\Help\Working\Output\HtmlHelp1\icons\pubclass.gif
I:\Program Files (x86)\EWSoftware\Sandcastle Help File Builder\PresentationStyles\VS2013\icons\pubdelegate.gif -&gt; G:\Fontys\Fontys\Year2\OOD2\GitRepo\pipe-line\Application\CodeDocumentation\Help\Working\Output\HtmlHelp1\icons\pubdelegate.gif
I:\Program Files (x86)\EWSoftware\Sandcastle Help File Builder\PresentationStyles\VS2013\icons\pubenumeration.gif -&gt; G:\Fontys\Fontys\Year2\OOD2\GitRepo\pipe-line\Application\CodeDocumentation\Help\Working\Output\HtmlHelp1\icons\pubenumeration.gif
I:\Program Files (x86)\EWSoftware\Sandcastle Help File Builder\PresentationStyles\VS2013\icons\pubevent.gif -&gt; G:\Fontys\Fontys\Year2\OOD2\GitRepo\pipe-line\Application\CodeDocumentation\Help\Working\Output\HtmlHelp1\icons\pubevent.gif
I:\Program Files (x86)\EWSoftware\Sandcastle Help File Builder\PresentationStyles\VS2013\icons\pubextension.gif -&gt; G:\Fontys\Fontys\Year2\OOD2\GitRepo\pipe-line\Application\CodeDocumentation\Help\Working\Output\HtmlHelp1\icons\pubextension.gif
I:\Program Files (x86)\EWSoftware\Sandcastle Help File Builder\PresentationStyles\VS2013\icons\pubfield.gif -&gt; G:\Fontys\Fontys\Year2\OOD2\GitRepo\pipe-line\Application\CodeDocumentation\Help\Working\Output\HtmlHelp1\icons\pubfield.gif
I:\Program Files (x86)\EWSoftware\Sandcastle Help File Builder\PresentationStyles\VS2013\icons\pubinterface.gif -&gt; G:\Fontys\Fontys\Year2\OOD2\GitRepo\pipe-line\Application\CodeDocumentation\Help\Working\Output\HtmlHelp1\icons\pubinterface.gif
I:\Program Files (x86)\EWSoftware\Sandcastle Help File Builder\PresentationStyles\VS2013\icons\pubmethod.gif -&gt; G:\Fontys\Fontys\Year2\OOD2\GitRepo\pipe-line\Application\CodeDocumentation\Help\Working\Output\HtmlHelp1\icons\pubmethod.gif
I:\Program Files (x86)\EWSoftware\Sandcastle Help File Builder\PresentationStyles\VS2013\icons\puboperator.gif -&gt; G:\Fontys\Fontys\Year2\OOD2\GitRepo\pipe-line\Application\CodeDocumentation\Help\Working\Output\HtmlHelp1\icons\puboperator.gif
I:\Program Files (x86)\EWSoftware\Sandcastle Help File Builder\PresentationStyles\VS2013\icons\pubproperty.gif -&gt; G:\Fontys\Fontys\Year2\OOD2\GitRepo\pipe-line\Application\CodeDocumentation\Help\Working\Output\HtmlHelp1\icons\pubproperty.gif
I:\Program Files (x86)\EWSoftware\Sandcastle Help File Builder\PresentationStyles\VS2013\icons\pubstructure.gif -&gt; G:\Fontys\Fontys\Year2\OOD2\GitRepo\pipe-line\Application\CodeDocumentation\Help\Working\Output\HtmlHelp1\icons\pubstructure.gif
I:\Program Files (x86)\EWSoftware\Sandcastle Help File Builder\PresentationStyles\VS2013\icons\SectionCollapsed.png -&gt; G:\Fontys\Fontys\Year2\OOD2\GitRepo\pipe-line\Application\CodeDocumentation\Help\Working\Output\HtmlHelp1\icons\SectionCollapsed.png
I:\Program Files (x86)\EWSoftware\Sandcastle Help File Builder\PresentationStyles\VS2013\icons\SectionExpanded.png -&gt; G:\Fontys\Fontys\Year2\OOD2\GitRepo\pipe-line\Application\CodeDocumentation\Help\Working\Output\HtmlHelp1\icons\SectionExpanded.png
I:\Program Files (x86)\EWSoftware\Sandcastle Help File Builder\PresentationStyles\VS2013\icons\slMobile.gif -&gt; G:\Fontys\Fontys\Year2\OOD2\GitRepo\pipe-line\Application\CodeDocumentation\Help\Working\Output\HtmlHelp1\icons\slMobile.gif
I:\Program Files (x86)\EWSoftware\Sandcastle Help File Builder\PresentationStyles\VS2013\icons\static.gif -&gt; G:\Fontys\Fontys\Year2\OOD2\GitRepo\pipe-line\Application\CodeDocumentation\Help\Working\Output\HtmlHelp1\icons\static.gif
I:\Program Files (x86)\EWSoftware\Sandcastle Help File Builder\PresentationStyles\VS2013\icons\xna.gif -&gt; G:\Fontys\Fontys\Year2\OOD2\GitRepo\pipe-line\Application\CodeDocumentation\Help\Working\Output\HtmlHelp1\icons\xna.gif
I:\Program Files (x86)\EWSoftware\Sandcastle Help File Builder\PresentationStyles\VS2013\scripts\branding.js -&gt; G:\Fontys\Fontys\Year2\OOD2\GitRepo\pipe-line\Application\CodeDocumentation\Help\Working\Output\HtmlHelp1\scripts\branding.js
I:\Program Files (x86)\EWSoftware\Sandcastle Help File Builder\PresentationStyles\VS2013\styles\branding-cs-CZ.css -&gt; G:\Fontys\Fontys\Year2\OOD2\GitRepo\pipe-line\Application\CodeDocumentation\Help\Working\Output\HtmlHelp1\styles\branding-cs-CZ.css
I:\Program Files (x86)\EWSoftware\Sandcastle Help File Builder\PresentationStyles\VS2013\styles\branding-de-DE.css -&gt; G:\Fontys\Fontys\Year2\OOD2\GitRepo\pipe-line\Application\CodeDocumentation\Help\Working\Output\HtmlHelp1\styles\branding-de-DE.css
I:\Program Files (x86)\EWSoftware\Sandcastle Help File Builder\PresentationStyles\VS2013\styles\branding-en-US.css -&gt; G:\Fontys\Fontys\Year2\OOD2\GitRepo\pipe-line\Application\CodeDocumentation\Help\Working\Output\HtmlHelp1\styles\branding-en-US.css
I:\Program Files (x86)\EWSoftware\Sandcastle Help File Builder\PresentationStyles\VS2013\styles\branding-es-ES.css -&gt; G:\Fontys\Fontys\Year2\OOD2\GitRepo\pipe-line\Application\CodeDocumentation\Help\Working\Output\HtmlHelp1\styles\branding-es-ES.css
I:\Program Files (x86)\EWSoftware\Sandcastle Help File Builder\PresentationStyles\VS2013\styles\branding-fr-FR.css -&gt; G:\Fontys\Fontys\Year2\OOD2\GitRepo\pipe-line\Application\CodeDocumentation\Help\Working\Output\HtmlHelp1\styles\branding-fr-FR.css
I:\Program Files (x86)\EWSoftware\Sandcastle Help File Builder\PresentationStyles\VS2013\styles\branding-Help1.css -&gt; G:\Fontys\Fontys\Year2\OOD2\GitRepo\pipe-line\Application\CodeDocumentation\Help\Working\Output\HtmlHelp1\styles\branding-Help1.css
I:\Program Files (x86)\EWSoftware\Sandcastle Help File Builder\PresentationStyles\VS2013\styles\branding-HelpViewer.css -&gt; G:\Fontys\Fontys\Year2\OOD2\GitRepo\pipe-line\Application\CodeDocumentation\Help\Working\Output\HtmlHelp1\styles\branding-HelpViewer.css
I:\Program Files (x86)\EWSoftware\Sandcastle Help File Builder\PresentationStyles\VS2013\styles\branding-it-IT.css -&gt; G:\Fontys\Fontys\Year2\OOD2\GitRepo\pipe-line\Application\CodeDocumentation\Help\Working\Output\HtmlHelp1\styles\branding-it-IT.css
I:\Program Files (x86)\EWSoftware\Sandcastle Help File Builder\PresentationStyles\VS2013\styles\branding-ja-JP.css -&gt; G:\Fontys\Fontys\Year2\OOD2\GitRepo\pipe-line\Application\CodeDocumentation\Help\Working\Output\HtmlHelp1\styles\branding-ja-JP.css
I:\Program Files (x86)\EWSoftware\Sandcastle Help File Builder\PresentationStyles\VS2013\styles\branding-ko-KR.css -&gt; G:\Fontys\Fontys\Year2\OOD2\GitRepo\pipe-line\Application\CodeDocumentation\Help\Working\Output\HtmlHelp1\styles\branding-ko-KR.css
I:\Program Files (x86)\EWSoftware\Sandcastle Help File Builder\PresentationStyles\VS2013\styles\branding-pl-PL.css -&gt; G:\Fontys\Fontys\Year2\OOD2\GitRepo\pipe-line\Application\CodeDocumentation\Help\Working\Output\HtmlHelp1\styles\branding-pl-PL.css
I:\Program Files (x86)\EWSoftware\Sandcastle Help File Builder\PresentationStyles\VS2013\styles\branding-pt-BR.css -&gt; G:\Fontys\Fontys\Year2\OOD2\GitRepo\pipe-line\Application\CodeDocumentation\Help\Working\Output\HtmlHelp1\styles\branding-pt-BR.css
I:\Program Files (x86)\EWSoftware\Sandcastle Help File Builder\PresentationStyles\VS2013\styles\branding-ru-RU.css -&gt; G:\Fontys\Fontys\Year2\OOD2\GitRepo\pipe-line\Application\CodeDocumentation\Help\Working\Output\HtmlHelp1\styles\branding-ru-RU.css
I:\Program Files (x86)\EWSoftware\Sandcastle Help File Builder\PresentationStyles\VS2013\styles\branding-tr-TR.css -&gt; G:\Fontys\Fontys\Year2\OOD2\GitRepo\pipe-line\Application\CodeDocumentation\Help\Working\Output\HtmlHelp1\styles\branding-tr-TR.css
I:\Program Files (x86)\EWSoftware\Sandcastle Help File Builder\PresentationStyles\VS2013\styles\branding-Website.css -&gt; G:\Fontys\Fontys\Year2\OOD2\GitRepo\pipe-line\Application\CodeDocumentation\Help\Working\Output\HtmlHelp1\styles\branding-Website.css
I:\Program Files (x86)\EWSoftware\Sandcastle Help File Builder\PresentationStyles\VS2013\styles\branding-zh-CN.css -&gt; G:\Fontys\Fontys\Year2\OOD2\GitRepo\pipe-line\Application\CodeDocumentation\Help\Working\Output\HtmlHelp1\styles\branding-zh-CN.css
I:\Program Files (x86)\EWSoftware\Sandcastle Help File Builder\PresentationStyles\VS2013\styles\branding-zh-TW.css -&gt; G:\Fontys\Fontys\Year2\OOD2\GitRepo\pipe-line\Application\CodeDocumentation\Help\Working\Output\HtmlHelp1\styles\branding-zh-TW.css
I:\Program Files (x86)\EWSoftware\Sandcastle Help File Builder\PresentationStyles\VS2013\styles\branding.css -&gt; G:\Fontys\Fontys\Year2\OOD2\GitRepo\pipe-line\Application\CodeDocumentation\Help\Working\Output\HtmlHelp1\styles\branding.css
    Last step completed in 00:00:00.0560
</buildStep>
<buildStep step="GenerateHelpFormatTableOfContents">
Generating HTML Help 1 table of contents file...
    Last step completed in 00:00:00.0000
</buildStep>
<buildStep step="GenerateHelpFileIndex">
Generating HTML Help 1 index file...
    Last step completed in 00:00:00.0000
</buildStep>
<buildStep step="GenerateHelpProject">
Generating HTML Help 1 project file...
    Last step completed in 00:00:00.0030
</buildStep>
<buildStep step="CompilingHelpFile">
Compiling HTML Help 1 file...
[C:\Windows\Microsoft.NET\Framework64\v4.0.30319\MSBuild.exe - Build1xHelpFile.proj]
Project file contains ToolsVersion=&quot;12.0&quot;. This toolset may be unknown or missing, in which case you may be able to resolve this by installing the appropriate version of MSBuild, or the build may have been forced to a particular ToolsVersion for policy reasons. Treating the project as if it had ToolsVersion=&quot;4.0&quot;. For more information, please see http://go.microsoft.com/fwlink/?LinkId=291333.
HHC6003 : error : The file Itircl.dll has not been registered correctly. [G:\Fontys\Fontys\Year2\OOD2\GitRepo\pipe-line\Application\CodeDocumentation\Help\Working\Build1xHelpFile.proj]
  
  Microsoft HTML Help Compiler 4.74.8702
  
  
  
  Compiling g:\Fontys\Fontys\Year2\OOD2\GitRepo\pipe-line\Application\CodeDocumentation\Help\Working\Output\HtmlHelp1\Documentation.chm
  
  
  
  
  
  
  
  The following files were not compiled:
  
    Last step completed in 00:00:01.8602
</buildStep>
<buildStep step="Failed">

SHFB: Error BE0043: Unexpected error detected in last build step.  See build log for details.
   at SandcastleBuilder.Utils.BuildEngine.TaskRunner.Run(String processFilename, String targetFile, String arguments)
   at SandcastleBuilder.Utils.BuildEngine.BuildProcess.Build()

</buildStep>
</shfbBuild>
